1661023695.797135 client started (453203): version 3.3a, socket /tmp/tmux-1000/default, protocol 8
1661023695.797194 on Linux 5.19.1-arch2-1 #1 SMP PREEMPT_DYNAMIC Thu, 11 Aug 2022 16:06:13 +0000
1661023695.797209 using libevent 2.1.12-stable (poll); ncurses 6.3
1661023695.797260 flags are 0x10010000
1661023695.797269 socket is /tmp/tmux-1000/default
1661023695.797293 trying connect
1661023695.797451 add peer 0x55f20f8b2710: 6 ((nil))
1661023695.798051 sending message 100 to peer 0x55f20f8b2710 (4 bytes)
1661023695.798073 sending message 111 to peer 0x55f20f8b2710 (8 bytes)
1661023695.798084 sending message 101 to peer 0x55f20f8b2710 (16 bytes)
1661023695.798094 sending message 109 to peer 0x55f20f8b2710 (4 bytes)
1661023695.798104 sending message 102 to peer 0x55f20f8b2710 (11 bytes)
1661023695.798114 sending message 108 to peer 0x55f20f8b2710 (13 bytes)
1661023695.798125 sending message 112 to peer 0x55f20f8b2710 (70 bytes)
1661023695.798135 sending message 112 to peer 0x55f20f8b2710 (5 bytes)
1661023695.798144 sending message 112 to peer 0x55f20f8b2710 (5 bytes)
1661023695.798154 sending message 112 to peer 0x55f20f8b2710 (6 bytes)
1661023695.798163 sending message 112 to peer 0x55f20f8b2710 (6 bytes)
1661023695.798173 sending message 112 to peer 0x55f20f8b2710 (11 bytes)
1661023695.798182 sending message 112 to peer 0x55f20f8b2710 (10 bytes)
1661023695.798192 sending message 112 to peer 0x55f20f8b2710 (13 bytes)
1661023695.798202 sending message 112 to peer 0x55f20f8b2710 (13 bytes)
1661023695.798211 sending message 112 to peer 0x55f20f8b2710 (18 bytes)
1661023695.798221 sending message 112 to peer 0x55f20f8b2710 (11 bytes)
1661023695.798230 sending message 112 to peer 0x55f20f8b2710 (21 bytes)
1661023695.798239 sending message 112 to peer 0x55f20f8b2710 (13 bytes)
1661023695.798249 sending message 112 to peer 0x55f20f8b2710 (7 bytes)
1661023695.798259 sending message 112 to peer 0x55f20f8b2710 (13 bytes)
1661023695.798268 sending message 112 to peer 0x55f20f8b2710 (7 bytes)
1661023695.798278 sending message 112 to peer 0x55f20f8b2710 (13 bytes)
1661023695.798287 sending message 112 to peer 0x55f20f8b2710 (9 bytes)
1661023695.798297 sending message 112 to peer 0x55f20f8b2710 (21 bytes)
1661023695.798306 sending message 112 to peer 0x55f20f8b2710 (13 bytes)
1661023695.798316 sending message 112 to peer 0x55f20f8b2710 (8 bytes)
1661023695.798325 sending message 112 to peer 0x55f20f8b2710 (12 bytes)
1661023695.798334 sending message 112 to peer 0x55f20f8b2710 (13 bytes)
1661023695.798344 sending message 112 to peer 0x55f20f8b2710 (9 bytes)
1661023695.798353 sending message 112 to peer 0x55f20f8b2710 (9 bytes)
1661023695.798362 sending message 112 to peer 0x55f20f8b2710 (12 bytes)
1661023695.798372 sending message 112 to peer 0x55f20f8b2710 (8 bytes)
1661023695.798381 sending message 112 to peer 0x55f20f8b2710 (7 bytes)
1661023695.798390 sending message 112 to peer 0x55f20f8b2710 (7 bytes)
1661023695.798400 sending message 112 to peer 0x55f20f8b2710 (9 bytes)
1661023695.798410 sending message 112 to peer 0x55f20f8b2710 (13 bytes)
1661023695.798419 sending message 112 to peer 0x55f20f8b2710 (9 bytes)
1661023695.798429 sending message 112 to peer 0x55f20f8b2710 (15 bytes)
1661023695.798438 sending message 112 to peer 0x55f20f8b2710 (13 bytes)
1661023695.798447 sending message 112 to peer 0x55f20f8b2710 (12 bytes)
1661023695.798457 sending message 112 to peer 0x55f20f8b2710 (8 bytes)
1661023695.798466 sending message 112 to peer 0x55f20f8b2710 (14 bytes)
1661023695.798476 sending message 112 to peer 0x55f20f8b2710 (9 bytes)
1661023695.798485 sending message 112 to peer 0x55f20f8b2710 (10 bytes)
1661023695.798495 sending message 112 to peer 0x55f20f8b2710 (10 bytes)
1661023695.798504 sending message 112 to peer 0x55f20f8b2710 (10 bytes)
1661023695.798514 sending message 112 to peer 0x55f20f8b2710 (10 bytes)
1661023695.798524 sending message 112 to peer 0x55f20f8b2710 (11 bytes)
1661023695.798533 sending message 112 to peer 0x55f20f8b2710 (10 bytes)
1661023695.798543 sending message 112 to peer 0x55f20f8b2710 (8 bytes)
1661023695.798552 sending message 112 to peer 0x55f20f8b2710 (11 bytes)
1661023695.798581 sending message 112 to peer 0x55f20f8b2710 (11 bytes)
1661023695.798608 sending message 112 to peer 0x55f20f8b2710 (11 bytes)
1661023695.798618 sending message 112 to peer 0x55f20f8b2710 (8 bytes)
1661023695.798629 sending message 112 to peer 0x55f20f8b2710 (8 bytes)
1661023695.798649 sending message 112 to peer 0x55f20f8b2710 (8 bytes)
1661023695.798666 sending message 112 to peer 0x55f20f8b2710 (10 bytes)
1661023695.798682 sending message 112 to peer 0x55f20f8b2710 (10 bytes)
1661023695.798695 sending message 112 to peer 0x55f20f8b2710 (10 bytes)
1661023695.798708 sending message 112 to peer 0x55f20f8b2710 (10 bytes)
1661023695.798720 sending message 112 to peer 0x55f20f8b2710 (10 bytes)
1661023695.798733 sending message 112 to peer 0x55f20f8b2710 (11 bytes)
1661023695.798745 sending message 112 to peer 0x55f20f8b2710 (11 bytes)
1661023695.798758 sending message 112 to peer 0x55f20f8b2710 (10 bytes)
1661023695.798770 sending message 112 to peer 0x55f20f8b2710 (9 bytes)
1661023695.798782 sending message 112 to peer 0x55f20f8b2710 (9 bytes)
1661023695.798794 sending message 112 to peer 0x55f20f8b2710 (12 bytes)
1661023695.798807 sending message 112 to peer 0x55f20f8b2710 (9 bytes)
1661023695.798820 sending message 112 to peer 0x55f20f8b2710 (6 bytes)
1661023695.798832 sending message 112 to peer 0x55f20f8b2710 (13 bytes)
1661023695.798846 sending message 112 to peer 0x55f20f8b2710 (8 bytes)
1661023695.798858 sending message 112 to peer 0x55f20f8b2710 (15 bytes)
1661023695.798872 sending message 112 to peer 0x55f20f8b2710 (13 bytes)
1661023695.798886 sending message 112 to peer 0x55f20f8b2710 (70 bytes)
1661023695.798901 sending message 112 to peer 0x55f20f8b2710 (69 bytes)
1661023695.798914 sending message 112 to peer 0x55f20f8b2710 (10 bytes)
1661023695.798927 sending message 112 to peer 0x55f20f8b2710 (8 bytes)
1661023695.798940 sending message 112 to peer 0x55f20f8b2710 (15 bytes)
1661023695.798954 sending message 112 to peer 0x55f20f8b2710 (13 bytes)
1661023695.798968 sending message 112 to peer 0x55f20f8b2710 (10 bytes)
1661023695.798981 sending message 112 to peer 0x55f20f8b2710 (10 bytes)
1661023695.798994 sending message 112 to peer 0x55f20f8b2710 (5 bytes)
1661023695.799008 sending message 112 to peer 0x55f20f8b2710 (15 bytes)
1661023695.799026 sending message 104 to peer 0x55f20f8b2710 (0 bytes)
1661023695.799045 sending message 110 to peer 0x55f20f8b2710 (0 bytes)
1661023695.799063 sending message 107 to peer 0x55f20f8b2710 (4 bytes)
1661023695.799079 sending message 105 to peer 0x55f20f8b2710 (40 bytes)
1661023695.799092 sending message 105 to peer 0x55f20f8b2710 (57 bytes)
1661023695.799105 sending message 105 to peer 0x55f20f8b2710 (20 bytes)
1661023695.799121 sending message 105 to peer 0x55f20f8b2710 (54 bytes)
1661023695.799135 sending message 105 to peer 0x55f20f8b2710 (17 bytes)
1661023695.799154 sending message 105 to peer 0x55f20f8b2710 (19 bytes)
1661023695.799170 sending message 105 to peer 0x55f20f8b2710 (83 bytes)
1661023695.799191 sending message 105 to peer 0x55f20f8b2710 (30 bytes)
1661023695.799214 sending message 105 to peer 0x55f20f8b2710 (32 bytes)
1661023695.799229 sending message 105 to peer 0x55f20f8b2710 (14 bytes)
1661023695.799272 sending message 105 to peer 0x55f20f8b2710 (17 bytes)
1661023695.799287 sending message 105 to peer 0x55f20f8b2710 (24 bytes)
1661023695.799297 sending message 105 to peer 0x55f20f8b2710 (20 bytes)
1661023695.799307 sending message 105 to peer 0x55f20f8b2710 (23 bytes)
1661023695.799317 sending message 105 to peer 0x55f20f8b2710 (21 bytes)
1661023695.799326 sending message 105 to peer 0x55f20f8b2710 (21 bytes)
1661023695.799336 sending message 105 to peer 0x55f20f8b2710 (11 bytes)
1661023695.799345 sending message 105 to peer 0x55f20f8b2710 (20 bytes)
1661023695.799355 sending message 105 to peer 0x55f20f8b2710 (24 bytes)
1661023695.799364 sending message 105 to peer 0x55f20f8b2710 (27 bytes)
1661023695.799374 sending message 105 to peer 0x55f20f8b2710 (23 bytes)
1661023695.799383 sending message 105 to peer 0x55f20f8b2710 (25 bytes)
1661023695.799416 sending message 105 to peer 0x55f20f8b2710 (21 bytes)
1661023695.799425 sending message 105 to peer 0x55f20f8b2710 (46 bytes)
1661023695.799435 sending message 105 to peer 0x55f20f8b2710 (32 bytes)
1661023695.799445 sending message 105 to peer 0x55f20f8b2710 (37 bytes)
1661023695.799454 sending message 105 to peer 0x55f20f8b2710 (8 bytes)
1661023695.799464 sending message 105 to peer 0x55f20f8b2710 (149 bytes)
1661023695.799474 sending message 105 to peer 0x55f20f8b2710 (24 bytes)
1661023695.799484 sending message 105 to peer 0x55f20f8b2710 (26 bytes)
1661023695.799494 sending message 105 to peer 0x55f20f8b2710 (25 bytes)
1661023695.799503 sending message 105 to peer 0x55f20f8b2710 (17 bytes)
1661023695.799513 sending message 105 to peer 0x55f20f8b2710 (15 bytes)
1661023695.799523 sending message 105 to peer 0x55f20f8b2710 (30 bytes)
1661023695.799533 sending message 105 to peer 0x55f20f8b2710 (58 bytes)
1661023695.799543 sending message 105 to peer 0x55f20f8b2710 (14 bytes)
1661023695.799552 sending message 105 to peer 0x55f20f8b2710 (12 bytes)
1661023695.799563 sending message 105 to peer 0x55f20f8b2710 (11 bytes)
1661023695.799573 sending message 105 to peer 0x55f20f8b2710 (26 bytes)
1661023695.799582 sending message 105 to peer 0x55f20f8b2710 (8 bytes)
1661023695.799592 sending message 105 to peer 0x55f20f8b2710 (14 bytes)
1661023695.799601 sending message 105 to peer 0x55f20f8b2710 (18 bytes)
1661023695.799610 sending message 105 to peer 0x55f20f8b2710 (11 bytes)
1661023695.799620 sending message 105 to peer 0x55f20f8b2710 (42 bytes)
1661023695.799630 sending message 105 to peer 0x55f20f8b2710 (21 bytes)
1661023695.799640 sending message 105 to peer 0x55f20f8b2710 (21 bytes)
1661023695.799649 sending message 105 to peer 0x55f20f8b2710 (15 bytes)
1661023695.799658 sending message 105 to peer 0x55f20f8b2710 (21 bytes)
1661023695.799668 sending message 105 to peer 0x55f20f8b2710 (30 bytes)
1661023695.799677 sending message 105 to peer 0x55f20f8b2710 (23 bytes)
1661023695.799687 sending message 105 to peer 0x55f20f8b2710 (52 bytes)
1661023695.799697 sending message 105 to peer 0x55f20f8b2710 (20 bytes)
1661023695.799706 sending message 105 to peer 0x55f20f8b2710 (27 bytes)
1661023695.799715 sending message 105 to peer 0x55f20f8b2710 (23 bytes)
1661023695.799725 sending message 105 to peer 0x55f20f8b2710 (23 bytes)
1661023695.799734 sending message 105 to peer 0x55f20f8b2710 (18 bytes)
1661023695.799744 sending message 105 to peer 0x55f20f8b2710 (31 bytes)
1661023695.799754 sending message 105 to peer 0x55f20f8b2710 (24 bytes)
1661023695.799763 sending message 106 to peer 0x55f20f8b2710 (0 bytes)
1661023695.799868 sending message 200 to peer 0x55f20f8b2710 (4 bytes)
1661023695.799880 client loop enter
1661023695.805982 peer 0x55f20f8b2710 message 303
1661023695.806022 open write file 2 -
1661023695.806050 sending message 305 to peer 0x55f20f8b2710 (8 bytes)
1661023695.806088 write check file 2
1661023695.806618 peer 0x55f20f8b2710 message 304
1661023695.806648 write 58 to file 2
1661023695.806666 peer 0x55f20f8b2710 message 203
1661023695.806676 file 2 58 bytes left
1661023695.806726 write check file 2
1661023695.806746 client loop exit
